13:08:34  [main] 	Initializing Control Panel
13:08:34  [main] 	Windows Version: Windows 7 Professional SP1 64-bit
13:08:34  [main] 	XAMPP Version: 5.5.33
13:08:34  [main] 	Control Panel Version: 3.2.2  [ Compiled: Nov 12th 2015 ]
13:08:34  [main] 	You are not running with administrator rights! This will work for
13:08:34  [main] 	most application stuff but whenever you do something with services
13:08:34  [main] 	there will be a security dialogue or things will break! So think 
13:08:34  [main] 	about running this application with administrator rights!
13:08:34  [main] 	XAMPP Installation Directory: "c:\xampp\"
13:08:34  [main] 	Checking for prerequisites
13:08:34  [main] 	All prerequisites found
13:08:34  [main] 	Initializing Modules
13:08:34  [main] 	Starting Check-Timer
13:08:34  [main] 	Control Panel Ready
13:08:38  [Apache] 	Attempting to start Apache app...
13:08:38  [Apache] 	Status change detected: running
13:08:39  [mysql] 	Attempting to start MySQL app...
13:08:39  [mysql] 	Status change detected: running
13:16:24  [Apache] 	Attempting to stop Apache (PID: 6236)
13:16:24  [Apache] 	Attempting to stop Apache (PID: 1380)
13:16:24  [Apache] 	Status change detected: stopped
13:16:25  [mysql] 	Attempting to stop MySQL app...
13:16:27  [mysql] 	Status change detected: stopped
13:16:29  [Apache] 	Attempting to start Apache app...
13:16:29  [Apache] 	Status change detected: running
13:16:30  [mysql] 	Attempting to start MySQL app...
13:16:30  [mysql] 	Status change detected: running
13:17:22  [Apache] 	Attempting to stop Apache (PID: 3188)
13:17:22  [Apache] 	Attempting to stop Apache (PID: 8132)
13:17:23  [mysql] 	Attempting to stop MySQL app...
13:17:23  [Apache] 	Status change detected: stopped
13:17:24  [mysql] 	Status change detected: stopped
13:38:38  [Apache] 	Attempting to start Apache app...
13:38:38  [Apache] 	Status change detected: running
13:38:39  [mysql] 	Attempting to start MySQL app...
13:38:39  [mysql] 	Status change detected: running
13:39:29  [mysql] 	Attempting to stop MySQL app...
13:39:30  [Apache] 	Attempting to stop Apache (PID: 5404)
13:39:30  [Apache] 	Attempting to stop Apache (PID: 6344)
13:39:30  [Apache] 	Status change detected: stopped
13:39:31  [mysql] 	Status change detected: stopped
13:39:54  [Apache] 	Attempting to start Apache app...
13:39:54  [Apache] 	Status change detected: running
13:39:55  [mysql] 	Attempting to start MySQL app...
13:39:55  [mysql] 	Status change detected: running
13:40:24  [mysql] 	Attempting to stop MySQL app...
13:40:24  [Apache] 	Attempting to stop Apache (PID: 7684)
13:40:24  [Apache] 	Attempting to stop Apache (PID: 3572)
13:40:25  [Apache] 	Status change detected: stopped
13:40:26  [mysql] 	Status change detected: stopped
13:40:32  [mysql] 	Attempting to start MySQL app...
13:40:32  [mysql] 	Status change detected: running
13:40:33  [Apache] 	Attempting to start Apache app...
13:40:33  [Apache] 	Status change detected: running
13:40:55  [Apache] 	Attempting to stop Apache (PID: 7880)
13:40:55  [Apache] 	Attempting to stop Apache (PID: 1944)
13:40:55  [Apache] 	Status change detected: stopped
13:40:55  [mysql] 	Attempting to stop MySQL app...
13:40:58  [mysql] 	Status change detected: stopped
13:40:58  [mysql] 	Attempting to start MySQL app...
13:40:58  [mysql] 	Status change detected: running
13:40:59  [Apache] 	Attempting to start Apache app...
13:40:59  [Apache] 	Status change detected: running
13:56:05  [Apache] 	Attempting to stop Apache (PID: 2628)
13:56:05  [Apache] 	Attempting to stop Apache (PID: 7748)
13:56:06  [Apache] 	Status change detected: stopped
13:56:06  [mysql] 	Attempting to stop MySQL app...
13:56:08  [mysql] 	Status change detected: stopped
13:56:22  [mysql] 	Attempting to start MySQL app...
13:56:23  [mysql] 	Status change detected: running
13:56:23  [Apache] 	Attempting to start Apache app...
13:56:23  [Apache] 	Status change detected: running
13:58:26  [Apache] 	Attempting to stop Apache (PID: 7932)
13:58:26  [Apache] 	Attempting to stop Apache (PID: 1460)
13:58:26  [Apache] 	Status change detected: stopped
13:58:27  [mysql] 	Attempting to stop MySQL app...
13:58:28  [mysql] 	Status change detected: stopped
14:00:08  [Apache] 	Attempting to start Apache app...
14:00:08  [Apache] 	Status change detected: running
14:00:09  [mysql] 	Attempting to start MySQL app...
14:00:09  [mysql] 	Status change detected: running
14:02:35  [mysql] 	Attempting to stop MySQL app...
14:02:35  [Apache] 	Attempting to stop Apache (PID: 6964)
14:02:35  [Apache] 	Attempting to stop Apache (PID: 7572)
14:02:36  [Apache] 	Status change detected: stopped
14:02:37  [mysql] 	Status change detected: stopped
14:02:40  [Apache] 	Attempting to start Apache app...
14:02:40  [mysql] 	Attempting to start MySQL app...
14:02:40  [Apache] 	Status change detected: running
14:02:40  [mysql] 	Status change detected: running
14:03:36  [mysql] 	Attempting to stop MySQL app...
14:03:37  [Apache] 	Attempting to stop Apache (PID: 3196)
14:03:37  [Apache] 	Attempting to stop Apache (PID: 3152)
14:03:37  [Apache] 	Status change detected: stopped
14:03:37  [mysql] 	Status change detected: stopped
14:03:38  [Apache] 	Attempting to start Apache app...
14:03:38  [Apache] 	Status change detected: running
14:03:39  [mysql] 	Attempting to start MySQL app...
14:03:39  [mysql] 	Status change detected: running
16:23:32  [Apache] 	Attempting to stop Apache (PID: 3768)
16:23:32  [Apache] 	Attempting to stop Apache (PID: 3852)
16:23:32  [Apache] 	Status change detected: stopped
16:23:33  [mysql] 	Attempting to stop MySQL app...
16:23:35  [mysql] 	Status change detected: stopped
16:23:36  [Apache] 	Attempting to start Apache app...
16:23:36  [Apache] 	Status change detected: running
16:23:37  [mysql] 	Attempting to start MySQL app...
16:23:37  [mysql] 	Status change detected: running
17:56:18  [Apache] 	Attempting to stop Apache (PID: 8624)
17:56:18  [Apache] 	Attempting to stop Apache (PID: 7480)
17:56:18  [Apache] 	Status change detected: stopped
17:56:18  [filezilla] 	Attempting to start FileZilla app...
17:56:19  [filezilla] 	Status change detected: running
17:56:20  [filezilla] 	Attempting to stop FileZilla app...
17:56:21  [filezilla] 	Status change detected: stopped
17:56:21  [mysql] 	Attempting to stop MySQL app...
17:56:23  [mysql] 	Status change detected: stopped
17:56:44  [main] 	Deinitializing Modules
17:56:44  [main] 	Deinitializing Control Panel

13:05:23  [main] 	Initializing Control Panel
13:05:23  [main] 	Windows Version: Windows 7 Professional SP1 64-bit
13:05:23  [main] 	XAMPP Version: 5.5.33
13:05:23  [main] 	Control Panel Version: 3.2.2  [ Compiled: Nov 12th 2015 ]
13:05:23  [main] 	You are not running with administrator rights! This will work for
13:05:23  [main] 	most application stuff but whenever you do something with services
13:05:23  [main] 	there will be a security dialogue or things will break! So think 
13:05:23  [main] 	about running this application with administrator rights!
13:05:23  [main] 	XAMPP Installation Directory: "c:\xampp\"
13:05:23  [main] 	Checking for prerequisites
13:05:23  [main] 	All prerequisites found
13:05:23  [main] 	Initializing Modules
13:05:23  [main] 	Starting Check-Timer
13:05:23  [main] 	Control Panel Ready
13:05:24  [Apache] 	Attempting to start Apache app...
13:05:25  [Apache] 	Status change detected: running
13:05:25  [mysql] 	Attempting to start MySQL app...
13:05:26  [mysql] 	Status change detected: running
13:05:27  [Apache] 	Attempting to stop Apache (PID: 7552)
13:05:27  [Apache] 	Attempting to stop Apache (PID: 7580)
13:05:28  [Apache] 	Status change detected: stopped
13:05:28  [mysql] 	Attempting to stop MySQL app...
13:05:30  [mysql] 	Status change detected: stopped
13:07:55  [Apache] 	Attempting to start Apache app...
13:07:55  [Apache] 	Status change detected: running
13:07:56  [mysql] 	Attempting to start MySQL app...
13:07:56  [mysql] 	Status change detected: running
13:07:58  [Apache] 	Attempting to stop Apache (PID: 1536)
13:07:58  [Apache] 	Attempting to stop Apache (PID: 7604)
13:07:58  [Apache] 	Status change detected: stopped
13:07:58  [mysql] 	Attempting to stop MySQL app...
13:08:00  [mysql] 	Status change detected: stopped
13:08:38  [Apache] 	Status change detected: running
13:08:40  [mysql] 	Status change detected: running
13:16:24  [Apache] 	Status change detected: stopped
13:16:27  [mysql] 	Status change detected: stopped
13:16:29  [Apache] 	Status change detected: running
13:16:30  [mysql] 	Status change detected: running
13:17:23  [Apache] 	Status change detected: stopped
13:17:24  [mysql] 	Status change detected: stopped
13:38:38  [Apache] 	Status change detected: running
13:38:39  [mysql] 	Status change detected: running
13:39:30  [Apache] 	Status change detected: stopped
13:39:31  [mysql] 	Status change detected: stopped
13:39:54  [Apache] 	Status change detected: running
13:39:55  [mysql] 	Status change detected: running
13:40:25  [Apache] 	Status change detected: stopped
13:40:26  [mysql] 	Status change detected: stopped
13:40:32  [mysql] 	Status change detected: running
13:40:33  [Apache] 	Status change detected: running
13:40:55  [Apache] 	Status change detected: stopped
13:40:58  [mysql] 	Status change detected: stopped
13:40:58  [mysql] 	Status change detected: running
13:40:59  [Apache] 	Status change detected: running
13:56:06  [Apache] 	Status change detected: stopped
13:56:08  [mysql] 	Status change detected: stopped
13:56:23  [mysql] 	Status change detected: running
13:56:23  [Apache] 	Status change detected: running
13:58:26  [Apache] 	Status change detected: stopped
13:58:28  [mysql] 	Status change detected: stopped
14:00:08  [Apache] 	Status change detected: running
14:00:09  [mysql] 	Status change detected: running
14:02:36  [Apache] 	Status change detected: stopped
14:02:37  [mysql] 	Status change detected: stopped
14:02:40  [Apache] 	Status change detected: running
14:02:40  [mysql] 	Status change detected: running
14:03:37  [Apache] 	Status change detected: stopped
14:03:37  [mysql] 	Status change detected: stopped
14:03:38  [Apache] 	Status change detected: running
14:03:39  [mysql] 	Status change detected: running
16:23:32  [Apache] 	Status change detected: stopped
16:23:35  [mysql] 	Status change detected: stopped
16:23:36  [Apache] 	Status change detected: running
16:23:37  [mysql] 	Status change detected: running
17:56:18  [Apache] 	Status change detected: stopped
17:56:19  [filezilla] 	Status change detected: running
17:56:21  [filezilla] 	Status change detected: stopped
17:56:21  [filezilla] 	Error: FileZilla shutdown unexpectedly.
17:56:21  [filezilla] 	This may be due to a blocked port, missing dependencies, 
17:56:21  [filezilla] 	improper privileges, a crash, or a shutdown by another method.
17:56:21  [filezilla] 	Press the Logs button to view error logs and check
17:56:21  [filezilla] 	the Windows Event Viewer for more clues
17:56:21  [filezilla] 	If you need more help, copy and post this
17:56:21  [filezilla] 	entire log window on the forums
17:56:23  [mysql] 	Status change detected: stopped
17:56:44  [main] 	Deinitializing Modules
17:56:44  [main] 	Deinitializing Control Panel

09:44:14  [main] 	Initializing Control Panel
09:44:14  [main] 	Windows Version: Windows 7 Professional SP1 64-bit
09:44:14  [main] 	XAMPP Version: 5.5.33
09:44:14  [main] 	Control Panel Version: 3.2.2  [ Compiled: Nov 12th 2015 ]
09:44:14  [main] 	You are not running with administrator rights! This will work for
09:44:14  [main] 	most application stuff but whenever you do something with services
09:44:14  [main] 	there will be a security dialogue or things will break! So think 
09:44:14  [main] 	about running this application with administrator rights!
09:44:14  [main] 	XAMPP Installation Directory: "c:\xampp\"
09:44:14  [main] 	Checking for prerequisites
09:44:14  [main] 	All prerequisites found
09:44:14  [main] 	Initializing Modules
09:44:14  [main] 	Starting Check-Timer
09:44:14  [main] 	Control Panel Ready
09:44:17  [Apache] 	Attempting to start Apache app...
09:44:17  [Apache] 	Status change detected: running
09:44:17  [mysql] 	Attempting to start MySQL app...
09:44:18  [mysql] 	Status change detected: running
12:03:05  [Apache] 	Attempting to stop Apache (PID: 4620)
12:03:05  [Apache] 	Attempting to stop Apache (PID: 5776)
12:03:05  [Apache] 	Status change detected: stopped
12:03:06  [mysql] 	Attempting to stop MySQL app...
12:03:07  [mysql] 	Status change detected: stopped
13:35:34  [Apache] 	Attempting to start Apache app...
13:35:35  [Apache] 	Status change detected: running
13:35:35  [mysql] 	Attempting to start MySQL app...
13:35:35  [mysql] 	Status change detected: running
13:52:41  [Apache] 	Attempting to stop Apache (PID: 8640)
13:52:41  [Apache] 	Attempting to stop Apache (PID: 8872)
13:52:42  [Apache] 	Status change detected: stopped
13:52:42  [mysql] 	Attempting to stop MySQL app...
13:52:44  [mysql] 	Status change detected: stopped
14:08:38  [main] 	Deinitializing Modules
14:08:38  [main] 	Deinitializing Control Panel

13:22:10  [main] 	Initializing Control Panel
13:22:10  [main] 	Windows Version: Windows 7 Professional SP1 64-bit
13:22:10  [main] 	XAMPP Version: 5.5.33
13:22:10  [main] 	Control Panel Version: 3.2.2  [ Compiled: Nov 12th 2015 ]
13:22:10  [main] 	You are not running with administrator rights! This will work for
13:22:10  [main] 	most application stuff but whenever you do something with services
13:22:10  [main] 	there will be a security dialogue or things will break! So think 
13:22:10  [main] 	about running this application with administrator rights!
13:22:10  [main] 	XAMPP Installation Directory: "c:\xampp\"
13:22:10  [main] 	Checking for prerequisites
13:22:11  [main] 	All prerequisites found
13:22:11  [main] 	Initializing Modules
13:22:11  [main] 	Starting Check-Timer
13:22:11  [main] 	Control Panel Ready
13:22:13  [Apache] 	Attempting to start Apache app...
13:22:13  [Apache] 	Status change detected: running
13:22:13  [mysql] 	Attempting to start MySQL app...
13:22:14  [mysql] 	Status change detected: running
13:29:48  [Apache] 	Attempting to stop Apache (PID: 6160)
13:29:48  [Apache] 	Attempting to stop Apache (PID: 6564)
13:29:48  [Apache] 	Status change detected: stopped
13:29:49  [mysql] 	Attempting to stop MySQL app...
13:29:50  [mysql] 	Status change detected: stopped
13:32:02  [main] 	Deinitializing Modules
13:32:02  [main] 	Deinitializing Control Panel

13:32:58  [main] 	Initializing Control Panel
13:32:58  [main] 	Windows Version: Windows 7 Professional SP1 64-bit
13:32:58  [main] 	XAMPP Version: 5.5.33
13:32:58  [main] 	Control Panel Version: 3.2.2  [ Compiled: Nov 12th 2015 ]
13:32:58  [main] 	You are not running with administrator rights! This will work for
13:32:58  [main] 	most application stuff but whenever you do something with services
13:32:58  [main] 	there will be a security dialogue or things will break! So think 
13:32:58  [main] 	about running this application with administrator rights!
13:32:58  [main] 	XAMPP Installation Directory: "c:\xampp\"
13:32:58  [main] 	Checking for prerequisites
13:32:59  [main] 	All prerequisites found
13:32:59  [main] 	Initializing Modules
13:32:59  [main] 	Starting Check-Timer
13:32:59  [main] 	Control Panel Ready
13:33:00  [Apache] 	Attempting to start Apache app...
13:33:00  [Apache] 	Status change detected: running
13:33:01  [mysql] 	Attempting to start MySQL app...
13:33:01  [mysql] 	Status change detected: running
14:02:59  [Apache] 	Attempting to stop Apache (PID: 7896)
14:02:59  [Apache] 	Attempting to stop Apache (PID: 8132)
14:02:59  [mysql] 	Attempting to stop MySQL app...
14:02:59  [Apache] 	Status change detected: stopped
14:03:02  [mysql] 	Status change detected: stopped
14:03:10  [main] 	Deinitializing Modules
14:03:10  [main] 	Deinitializing Control Panel

14:39:02  [main] 	Initializing Control Panel
14:39:02  [main] 	Windows Version: Windows 7 Professional SP1 64-bit
14:39:02  [main] 	XAMPP Version: 5.5.33
14:39:02  [main] 	Control Panel Version: 3.2.2  [ Compiled: Nov 12th 2015 ]
14:39:02  [main] 	You are not running with administrator rights! This will work for
14:39:02  [main] 	most application stuff but whenever you do something with services
14:39:02  [main] 	there will be a security dialogue or things will break! So think 
14:39:02  [main] 	about running this application with administrator rights!
14:39:02  [main] 	XAMPP Installation Directory: "c:\xampp\"
14:39:02  [main] 	Checking for prerequisites
14:39:03  [main] 	All prerequisites found
14:39:03  [main] 	Initializing Modules
14:39:03  [main] 	Starting Check-Timer
14:39:03  [main] 	Control Panel Ready
14:39:04  [Apache] 	Attempting to start Apache app...
14:39:04  [mysql] 	Attempting to start MySQL app...
14:39:04  [Apache] 	Status change detected: running
14:39:04  [mysql] 	Status change detected: running
17:15:28  [main] 	Deinitializing Modules
17:15:28  [main] 	Deinitializing Control Panel

09:27:34  [main] 	Initializing Control Panel
09:27:34  [main] 	Windows Version: Windows 7 Professional SP1 64-bit
09:27:34  [main] 	XAMPP Version: 5.5.33
09:27:34  [main] 	Control Panel Version: 3.2.2  [ Compiled: Nov 12th 2015 ]
09:27:34  [main] 	You are not running with administrator rights! This will work for
09:27:34  [main] 	most application stuff but whenever you do something with services
09:27:34  [main] 	there will be a security dialogue or things will break! So think 
09:27:34  [main] 	about running this application with administrator rights!
09:27:34  [main] 	XAMPP Installation Directory: "c:\xampp\"
09:27:34  [main] 	Checking for prerequisites
09:27:35  [main] 	All prerequisites found
09:27:35  [main] 	Initializing Modules
09:27:35  [main] 	Starting Check-Timer
09:27:35  [main] 	Control Panel Ready
09:27:48  [Apache] 	Attempting to start Apache app...
09:27:49  [Apache] 	Status change detected: running
09:27:49  [mysql] 	Attempting to start MySQL app...
09:27:49  [mysql] 	Status change detected: running
15:58:52  [Apache] 	Attempting to stop Apache (PID: 5484)
15:58:52  [Apache] 	Attempting to stop Apache (PID: 6428)
15:58:52  [Apache] 	Status change detected: stopped
15:58:52  [mysql] 	Attempting to stop MySQL app...
15:58:54  [mysql] 	Status change detected: stopped
15:58:58  [main] 	Deinitializing Modules
15:58:58  [main] 	Deinitializing Control Panel

09:48:10  [main] 	Initializing Control Panel
09:48:10  [main] 	Windows Version: Windows 7 Professional SP1 64-bit
09:48:10  [main] 	XAMPP Version: 5.5.33
09:48:10  [main] 	Control Panel Version: 3.2.2  [ Compiled: Nov 12th 2015 ]
09:48:10  [main] 	You are not running with administrator rights! This will work for
09:48:10  [main] 	most application stuff but whenever you do something with services
09:48:10  [main] 	there will be a security dialogue or things will break! So think 
09:48:10  [main] 	about running this application with administrator rights!
09:48:10  [main] 	XAMPP Installation Directory: "c:\xampp\"
09:48:10  [main] 	Checking for prerequisites
09:48:10  [main] 	All prerequisites found
09:48:10  [main] 	Initializing Modules
09:48:10  [main] 	Starting Check-Timer
09:48:10  [main] 	Control Panel Ready
09:48:11  [Apache] 	Attempting to start Apache app...
09:48:12  [Apache] 	Status change detected: running
09:48:12  [mysql] 	Attempting to start MySQL app...
09:48:12  [mysql] 	Status change detected: running
11:57:59  [Apache] 	Attempting to stop Apache (PID: 2100)
11:57:59  [Apache] 	Attempting to stop Apache (PID: 4020)
11:57:59  [mysql] 	Attempting to stop MySQL app...
11:57:59  [Apache] 	Status change detected: stopped
11:58:01  [mysql] 	Status change detected: stopped
11:58:03  [main] 	Deinitializing Modules
11:58:03  [main] 	Deinitializing Control Panel

09:14:47  [main] 	Initializing Control Panel
09:14:47  [main] 	Windows Version: Windows 7 Professional SP1 64-bit
09:14:47  [main] 	XAMPP Version: 5.5.33
09:14:47  [main] 	Control Panel Version: 3.2.2  [ Compiled: Nov 12th 2015 ]
09:14:47  [main] 	You are not running with administrator rights! This will work for
09:14:47  [main] 	most application stuff but whenever you do something with services
09:14:47  [main] 	there will be a security dialogue or things will break! So think 
09:14:47  [main] 	about running this application with administrator rights!
09:14:47  [main] 	XAMPP Installation Directory: "c:\xampp\"
09:14:47  [main] 	Checking for prerequisites
09:14:48  [main] 	All prerequisites found
09:14:48  [main] 	Initializing Modules
09:14:48  [main] 	Starting Check-Timer
09:14:48  [main] 	Control Panel Ready
09:14:49  [Apache] 	Attempting to start Apache app...
09:14:49  [Apache] 	Status change detected: running
09:14:50  [mysql] 	Attempting to start MySQL app...
09:14:50  [mysql] 	Status change detected: running
12:57:01  [Apache] 	Attempting to stop Apache (PID: 3260)
12:57:01  [Apache] 	Attempting to stop Apache (PID: 6560)
12:57:01  [Apache] 	Status change detected: stopped
12:57:02  [mysql] 	Attempting to stop MySQL app...
12:57:03  [mysql] 	Status change detected: stopped
12:57:08  [main] 	Deinitializing Modules
12:57:08  [main] 	Deinitializing Control Panel

10:18:15  [main] 	Initializing Control Panel
10:18:15  [main] 	Windows Version: Windows 7 Professional SP1 64-bit
10:18:15  [main] 	XAMPP Version: 5.5.33
10:18:15  [main] 	Control Panel Version: 3.2.2  [ Compiled: Nov 12th 2015 ]
10:18:15  [main] 	You are not running with administrator rights! This will work for
10:18:15  [main] 	most application stuff but whenever you do something with services
10:18:15  [main] 	there will be a security dialogue or things will break! So think 
10:18:15  [main] 	about running this application with administrator rights!
10:18:15  [main] 	XAMPP Installation Directory: "c:\xampp\"
10:18:15  [main] 	Checking for prerequisites
10:18:15  [main] 	All prerequisites found
10:18:15  [main] 	Initializing Modules
10:18:15  [main] 	Starting Check-Timer
10:18:15  [main] 	Control Panel Ready
10:18:16  [Apache] 	Attempting to start Apache app...
10:18:17  [Apache] 	Status change detected: running
10:18:17  [mysql] 	Attempting to start MySQL app...
10:18:17  [mysql] 	Status change detected: running
15:21:37  [main] 	Deinitializing Modules
15:21:37  [main] 	Deinitializing Control Panel

09:25:36  [main] 	Initializing Control Panel
09:25:36  [main] 	Windows Version: Windows 7 Professional SP1 64-bit
09:25:36  [main] 	XAMPP Version: 5.5.33
09:25:36  [main] 	Control Panel Version: 3.2.2  [ Compiled: Nov 12th 2015 ]
09:25:36  [main] 	You are not running with administrator rights! This will work for
09:25:36  [main] 	most application stuff but whenever you do something with services
09:25:36  [main] 	there will be a security dialogue or things will break! So think 
09:25:36  [main] 	about running this application with administrator rights!
09:25:36  [main] 	XAMPP Installation Directory: "c:\xampp\"
09:25:36  [main] 	Checking for prerequisites
09:25:37  [main] 	All prerequisites found
09:25:37  [main] 	Initializing Modules
09:25:37  [main] 	Starting Check-Timer
09:25:37  [main] 	Control Panel Ready
09:25:40  [Apache] 	Attempting to start Apache app...
09:25:40  [Apache] 	Status change detected: running
09:25:40  [mysql] 	Attempting to start MySQL app...
09:25:41  [mysql] 	Status change detected: running
14:09:36  [Apache] 	Attempting to stop Apache (PID: 7156)
14:09:36  [Apache] 	Attempting to stop Apache (PID: 6548)
14:09:36  [Apache] 	Status change detected: stopped
14:09:37  [mysql] 	Attempting to stop MySQL app...
14:09:38  [mysql] 	Status change detected: stopped
14:09:46  [main] 	Deinitializing Modules
14:09:46  [main] 	Deinitializing Control Panel

09:31:06  [main] 	Initializing Control Panel
09:31:06  [main] 	Windows Version: Windows 7 Professional SP1 64-bit
09:31:06  [main] 	XAMPP Version: 5.5.33
09:31:06  [main] 	Control Panel Version: 3.2.2  [ Compiled: Nov 12th 2015 ]
09:31:06  [main] 	You are not running with administrator rights! This will work for
09:31:06  [main] 	most application stuff but whenever you do something with services
09:31:06  [main] 	there will be a security dialogue or things will break! So think 
09:31:06  [main] 	about running this application with administrator rights!
09:31:06  [main] 	XAMPP Installation Directory: "c:\xampp\"
09:31:06  [main] 	Checking for prerequisites
09:31:06  [main] 	All prerequisites found
09:31:06  [main] 	Initializing Modules
09:31:06  [main] 	Starting Check-Timer
09:31:06  [main] 	Control Panel Ready
09:31:07  [Apache] 	Attempting to start Apache app...
09:31:08  [mysql] 	Attempting to start MySQL app...
09:31:08  [Apache] 	Status change detected: running
09:31:08  [mysql] 	Status change detected: running
17:19:18  [Apache] 	Attempting to stop Apache (PID: 6960)
17:19:18  [Apache] 	Attempting to stop Apache (PID: 3392)
17:19:18  [Apache] 	Status change detected: stopped
17:19:18  [mysql] 	Attempting to stop MySQL app...
17:19:20  [mysql] 	Status change detected: stopped
17:20:40  [main] 	Deinitializing Modules
17:20:40  [main] 	Deinitializing Control Panel

14:26:06  [main] 	Initializing Control Panel
14:26:06  [main] 	Windows Version: Windows 7 Professional SP1 64-bit
14:26:06  [main] 	XAMPP Version: 5.5.33
14:26:06  [main] 	Control Panel Version: 3.2.2  [ Compiled: Nov 12th 2015 ]
14:26:06  [main] 	You are not running with administrator rights! This will work for
14:26:06  [main] 	most application stuff but whenever you do something with services
14:26:06  [main] 	there will be a security dialogue or things will break! So think 
14:26:06  [main] 	about running this application with administrator rights!
14:26:06  [main] 	XAMPP Installation Directory: "c:\xampp\"
14:26:06  [main] 	Checking for prerequisites
14:26:06  [main] 	All prerequisites found
14:26:06  [main] 	Initializing Modules
14:26:06  [main] 	Starting Check-Timer
14:26:06  [main] 	Control Panel Ready
14:28:50  [Apache] 	Attempting to start Apache app...
14:28:50  [Apache] 	Status change detected: running
14:28:50  [mysql] 	Attempting to start MySQL app...
14:28:51  [mysql] 	Status change detected: running
16:58:09  [Apache] 	Attempting to stop Apache (PID: 996)
16:58:09  [Apache] 	Attempting to stop Apache (PID: 6872)
16:58:09  [Apache] 	Status change detected: stopped
16:58:10  [mysql] 	Attempting to stop MySQL app...
16:58:12  [mysql] 	Status change detected: stopped
16:58:13  [main] 	Deinitializing Modules
16:58:13  [main] 	Deinitializing Control Panel

09:42:23  [main] 	Initializing Control Panel
09:42:23  [main] 	Windows Version: Windows 7 Professional SP1 64-bit
09:42:23  [main] 	XAMPP Version: 5.5.33
09:42:23  [main] 	Control Panel Version: 3.2.2  [ Compiled: Nov 12th 2015 ]
09:42:23  [main] 	You are not running with administrator rights! This will work for
09:42:23  [main] 	most application stuff but whenever you do something with services
09:42:23  [main] 	there will be a security dialogue or things will break! So think 
09:42:23  [main] 	about running this application with administrator rights!
09:42:23  [main] 	XAMPP Installation Directory: "c:\xampp\"
09:42:23  [main] 	Checking for prerequisites
09:42:23  [main] 	All prerequisites found
09:42:23  [main] 	Initializing Modules
09:42:23  [main] 	Starting Check-Timer
09:42:23  [main] 	Control Panel Ready
09:42:24  [Apache] 	Attempting to start Apache app...
09:42:25  [Apache] 	Status change detected: running
09:42:25  [mysql] 	Attempting to start MySQL app...
09:42:25  [mysql] 	Status change detected: running
15:05:15  [Apache] 	Attempting to stop Apache (PID: 5320)
15:05:15  [Apache] 	Attempting to stop Apache (PID: 4168)
15:05:15  [Apache] 	Status change detected: stopped
15:05:16  [mysql] 	Attempting to stop MySQL app...
15:05:18  [mysql] 	Status change detected: stopped
15:05:19  [Apache] 	Attempting to start Apache app...
15:05:19  [Apache] 	Status change detected: running
15:05:20  [mysql] 	Attempting to start MySQL app...
15:05:20  [mysql] 	Status change detected: running
15:06:44  [Apache] 	Attempting to stop Apache (PID: 7812)
15:06:44  [Apache] 	Attempting to stop Apache (PID: 8972)
15:06:45  [mysql] 	Attempting to stop MySQL app...
15:06:45  [Apache] 	Status change detected: stopped
15:06:47  [mysql] 	Status change detected: stopped
15:06:50  [main] 	Deinitializing Modules
15:06:50  [main] 	Deinitializing Control Panel

11:19:48  [main] 	Initializing Control Panel
11:19:48  [main] 	Windows Version: Windows 7 Professional SP1 64-bit
11:19:48  [main] 	XAMPP Version: 5.5.33
11:19:48  [main] 	Control Panel Version: 3.2.2  [ Compiled: Nov 12th 2015 ]
11:19:48  [main] 	You are not running with administrator rights! This will work for
11:19:48  [main] 	most application stuff but whenever you do something with services
11:19:48  [main] 	there will be a security dialogue or things will break! So think 
11:19:48  [main] 	about running this application with administrator rights!
11:19:48  [main] 	XAMPP Installation Directory: "c:\xampp\"
11:19:48  [main] 	Checking for prerequisites
11:19:48  [main] 	All prerequisites found
11:19:48  [main] 	Initializing Modules
11:19:48  [main] 	Starting Check-Timer
11:19:48  [main] 	Control Panel Ready
11:19:50  [Apache] 	Attempting to start Apache app...
11:19:50  [Apache] 	Status change detected: running
11:19:51  [mysql] 	Attempting to start MySQL app...
11:19:51  [mysql] 	Status change detected: running
12:24:58  [mysql] 	Attempting to stop MySQL app...
12:25:00  [Apache] 	Attempting to stop Apache (PID: 1608)
12:25:00  [Apache] 	Attempting to stop Apache (PID: 6196)
12:25:00  [Apache] 	Status change detected: stopped
12:25:01  [mysql] 	Status change detected: stopped
12:25:55  [main] 	Deinitializing Modules
12:25:55  [main] 	Deinitializing Control Panel

13:49:34  [main] 	Initializing Control Panel
13:49:34  [main] 	Windows Version: Windows 7 Professional SP1 64-bit
13:49:34  [main] 	XAMPP Version: 5.5.33
13:49:34  [main] 	Control Panel Version: 3.2.2  [ Compiled: Nov 12th 2015 ]
13:49:34  [main] 	You are not running with administrator rights! This will work for
13:49:34  [main] 	most application stuff but whenever you do something with services
13:49:34  [main] 	there will be a security dialogue or things will break! So think 
13:49:34  [main] 	about running this application with administrator rights!
13:49:34  [main] 	XAMPP Installation Directory: "c:\xampp\"
13:49:34  [main] 	Checking for prerequisites
13:49:34  [main] 	All prerequisites found
13:49:34  [main] 	Initializing Modules
13:49:34  [main] 	Starting Check-Timer
13:49:34  [main] 	Control Panel Ready
13:49:35  [Apache] 	Attempting to start Apache app...
13:49:35  [Apache] 	Status change detected: running
13:49:36  [mysql] 	Attempting to start MySQL app...
13:49:36  [mysql] 	Status change detected: running
14:09:46  [Apache] 	Attempting to stop Apache (PID: 4380)
14:09:46  [Apache] 	Attempting to stop Apache (PID: 7188)
14:09:47  [Apache] 	Status change detected: stopped
14:09:47  [mysql] 	Attempting to stop MySQL app...
14:09:49  [mysql] 	Status change detected: stopped
14:10:49  [main] 	Deinitializing Modules
14:10:49  [main] 	Deinitializing Control Panel

09:26:53  [main] 	Initializing Control Panel
09:26:53  [main] 	Windows Version: Windows 7 Professional SP1 64-bit
09:26:53  [main] 	XAMPP Version: 5.5.33
09:26:53  [main] 	Control Panel Version: 3.2.2  [ Compiled: Nov 12th 2015 ]
09:26:53  [main] 	You are not running with administrator rights! This will work for
09:26:53  [main] 	most application stuff but whenever you do something with services
09:26:53  [main] 	there will be a security dialogue or things will break! So think 
09:26:53  [main] 	about running this application with administrator rights!
09:26:53  [main] 	XAMPP Installation Directory: "c:\xampp\"
09:26:53  [main] 	Checking for prerequisites
09:26:53  [main] 	All prerequisites found
09:26:53  [main] 	Initializing Modules
09:26:53  [main] 	Starting Check-Timer
09:26:53  [main] 	Control Panel Ready
09:26:58  [Apache] 	Attempting to start Apache app...
09:26:58  [mysql] 	Attempting to start MySQL app...
09:26:58  [Apache] 	Status change detected: running
09:26:58  [mysql] 	Status change detected: running
16:06:39  [Apache] 	Attempting to stop Apache (PID: 7128)
16:06:39  [Apache] 	Attempting to stop Apache (PID: 1664)
16:06:39  [Apache] 	Status change detected: stopped
16:06:39  [mysql] 	Attempting to stop MySQL app...
16:06:41  [mysql] 	Status change detected: stopped
16:06:45  [main] 	Deinitializing Modules
16:06:45  [main] 	Deinitializing Control Panel

15:21:07  [main] 	Initializing Control Panel
15:21:07  [main] 	Windows Version: Windows 7 Professional SP1 64-bit
15:21:07  [main] 	XAMPP Version: 5.5.33
15:21:07  [main] 	Control Panel Version: 3.2.2  [ Compiled: Nov 12th 2015 ]
15:21:07  [main] 	You are not running with administrator rights! This will work for
15:21:07  [main] 	most application stuff but whenever you do something with services
15:21:07  [main] 	there will be a security dialogue or things will break! So think 
15:21:07  [main] 	about running this application with administrator rights!
15:21:07  [main] 	XAMPP Installation Directory: "c:\xampp\"
15:21:07  [main] 	Checking for prerequisites
15:21:07  [main] 	All prerequisites found
15:21:07  [main] 	Initializing Modules
15:21:07  [main] 	Starting Check-Timer
15:21:07  [main] 	Control Panel Ready
15:21:08  [Apache] 	Attempting to start Apache app...
15:21:08  [Apache] 	Status change detected: running
15:21:08  [mysql] 	Attempting to start MySQL app...
15:21:08  [mysql] 	Status change detected: running
22:28:20  [Apache] 	Attempting to stop Apache (PID: 5788)
22:28:20  [Apache] 	Attempting to stop Apache (PID: 7048)
22:28:20  [mysql] 	Attempting to stop MySQL app...
22:28:20  [Apache] 	Status change detected: stopped
22:28:22  [mysql] 	Status change detected: stopped
22:28:43  [main] 	Deinitializing Modules
22:28:43  [main] 	Deinitializing Control Panel

09:24:23  [main] 	Initializing Control Panel
09:24:23  [main] 	Windows Version: Windows 7 Professional SP1 64-bit
09:24:23  [main] 	XAMPP Version: 5.5.33
09:24:23  [main] 	Control Panel Version: 3.2.2  [ Compiled: Nov 12th 2015 ]
09:24:23  [main] 	You are not running with administrator rights! This will work for
09:24:23  [main] 	most application stuff but whenever you do something with services
09:24:23  [main] 	there will be a security dialogue or things will break! So think 
09:24:23  [main] 	about running this application with administrator rights!
09:24:23  [main] 	XAMPP Installation Directory: "c:\xampp\"
09:24:23  [main] 	Checking for prerequisites
09:24:23  [main] 	All prerequisites found
09:24:23  [main] 	Initializing Modules
09:24:23  [main] 	Starting Check-Timer
09:24:23  [main] 	Control Panel Ready
09:24:41  [Apache] 	Attempting to start Apache app...
09:24:42  [Apache] 	Status change detected: running
09:24:42  [mysql] 	Attempting to start MySQL app...
09:24:42  [mysql] 	Status change detected: running
16:24:46  [main] 	Deinitializing Modules
16:24:46  [main] 	Deinitializing Control Panel

10:36:35  [main] 	Initializing Control Panel
10:36:35  [main] 	Windows Version: Windows 7 Professional SP1 64-bit
10:36:35  [main] 	XAMPP Version: 5.5.33
10:36:35  [main] 	Control Panel Version: 3.2.2  [ Compiled: Nov 12th 2015 ]
10:36:35  [main] 	You are not running with administrator rights! This will work for
10:36:35  [main] 	most application stuff but whenever you do something with services
10:36:35  [main] 	there will be a security dialogue or things will break! So think 
10:36:35  [main] 	about running this application with administrator rights!
10:36:35  [main] 	XAMPP Installation Directory: "c:\xampp\"
10:36:35  [main] 	Checking for prerequisites
10:36:35  [main] 	All prerequisites found
10:36:35  [main] 	Initializing Modules
10:36:35  [main] 	Starting Check-Timer
10:36:35  [main] 	Control Panel Ready
10:36:36  [Apache] 	Attempting to start Apache app...
10:36:37  [mysql] 	Attempting to start MySQL app...
10:36:37  [Apache] 	Status change detected: running
10:36:37  [mysql] 	Status change detected: running
11:56:10  [Apache] 	Attempting to stop Apache (PID: 3056)
11:56:10  [Apache] 	Attempting to stop Apache (PID: 5720)
11:56:10  [Apache] 	Status change detected: stopped
11:56:11  [mysql] 	Attempting to stop MySQL app...
11:56:13  [mysql] 	Status change detected: stopped
11:56:34  [main] 	Deinitializing Modules
11:56:34  [main] 	Deinitializing Control Panel

16:30:28  [main] 	Initializing Control Panel
16:30:28  [main] 	Windows Version: Windows 7 Professional SP1 64-bit
16:30:28  [main] 	XAMPP Version: 5.5.33
16:30:28  [main] 	Control Panel Version: 3.2.2  [ Compiled: Nov 12th 2015 ]
16:30:28  [main] 	You are not running with administrator rights! This will work for
16:30:28  [main] 	most application stuff but whenever you do something with services
16:30:28  [main] 	there will be a security dialogue or things will break! So think 
16:30:28  [main] 	about running this application with administrator rights!
16:30:28  [main] 	XAMPP Installation Directory: "c:\xampp\"
16:30:28  [main] 	Checking for prerequisites
16:30:28  [main] 	All prerequisites found
16:30:28  [main] 	Initializing Modules
16:30:28  [main] 	Starting Check-Timer
16:30:28  [main] 	Control Panel Ready
16:30:29  [Apache] 	Attempting to start Apache app...
16:30:30  [Apache] 	Status change detected: running
16:30:30  [mysql] 	Attempting to start MySQL app...
16:30:30  [mysql] 	Status change detected: running
17:19:39  [main] 	Deinitializing Modules
17:19:39  [main] 	Deinitializing Control Panel

12:21:01  [main] 	Initializing Control Panel
12:21:01  [main] 	Windows Version: Windows 7 Professional SP1 64-bit
12:21:01  [main] 	XAMPP Version: 5.5.33
12:21:01  [main] 	Control Panel Version: 3.2.2  [ Compiled: Nov 12th 2015 ]
12:21:01  [main] 	You are not running with administrator rights! This will work for
12:21:01  [main] 	most application stuff but whenever you do something with services
12:21:01  [main] 	there will be a security dialogue or things will break! So think 
12:21:01  [main] 	about running this application with administrator rights!
12:21:01  [main] 	XAMPP Installation Directory: "c:\xampp\"
12:21:01  [main] 	Checking for prerequisites
12:21:01  [main] 	All prerequisites found
12:21:01  [main] 	Initializing Modules
12:21:01  [main] 	Starting Check-Timer
12:21:01  [main] 	Control Panel Ready
12:21:11  [Apache] 	Attempting to start Apache app...
12:21:11  [Apache] 	Status change detected: running
12:21:11  [mysql] 	Attempting to start MySQL app...
12:21:11  [mysql] 	Status change detected: running
17:05:06  [main] 	Deinitializing Modules
17:05:06  [main] 	Deinitializing Control Panel

09:55:41  [main] 	Initializing Control Panel
09:55:41  [main] 	Windows Version: Windows 7 Professional SP1 64-bit
09:55:41  [main] 	XAMPP Version: 5.5.33
09:55:41  [main] 	Control Panel Version: 3.2.2  [ Compiled: Nov 12th 2015 ]
09:55:41  [main] 	You are not running with administrator rights! This will work for
09:55:41  [main] 	most application stuff but whenever you do something with services
09:55:41  [main] 	there will be a security dialogue or things will break! So think 
09:55:41  [main] 	about running this application with administrator rights!
09:55:41  [main] 	XAMPP Installation Directory: "c:\xampp\"
09:55:41  [main] 	Checking for prerequisites
09:55:41  [main] 	All prerequisites found
09:55:41  [main] 	Initializing Modules
09:55:41  [main] 	Starting Check-Timer
09:55:41  [main] 	Control Panel Ready
09:55:43  [Apache] 	Attempting to start Apache app...
09:55:43  [Apache] 	Status change detected: running
09:55:43  [mysql] 	Attempting to start MySQL app...
09:55:43  [mysql] 	Status change detected: running
13:08:51  [main] 	Deinitializing Modules
13:08:51  [main] 	Deinitializing Control Panel

09:21:25  [main] 	Initializing Control Panel
09:21:25  [main] 	Windows Version: Windows 7 Professional SP1 64-bit
09:21:25  [main] 	XAMPP Version: 5.5.33
09:21:25  [main] 	Control Panel Version: 3.2.2  [ Compiled: Nov 12th 2015 ]
09:21:25  [main] 	You are not running with administrator rights! This will work for
09:21:25  [main] 	most application stuff but whenever you do something with services
09:21:25  [main] 	there will be a security dialogue or things will break! So think 
09:21:25  [main] 	about running this application with administrator rights!
09:21:25  [main] 	XAMPP Installation Directory: "c:\xampp\"
09:21:25  [main] 	Checking for prerequisites
09:21:25  [main] 	All prerequisites found
09:21:25  [main] 	Initializing Modules
09:21:25  [main] 	Starting Check-Timer
09:21:25  [main] 	Control Panel Ready
09:21:26  [Apache] 	Attempting to start Apache app...
09:21:27  [Apache] 	Status change detected: running
09:21:27  [mysql] 	Attempting to start MySQL app...
09:21:27  [mysql] 	Status change detected: running
13:04:21  [main] 	Deinitializing Modules
13:04:21  [main] 	Deinitializing Control Panel

09:09:59  [main] 	Initializing Control Panel
09:09:59  [main] 	Windows Version: Windows 7 Professional SP1 64-bit
09:09:59  [main] 	XAMPP Version: 5.5.33
09:09:59  [main] 	Control Panel Version: 3.2.2  [ Compiled: Nov 12th 2015 ]
09:09:59  [main] 	You are not running with administrator rights! This will work for
09:09:59  [main] 	most application stuff but whenever you do something with services
09:09:59  [main] 	there will be a security dialogue or things will break! So think 
09:09:59  [main] 	about running this application with administrator rights!
09:09:59  [main] 	XAMPP Installation Directory: "c:\xampp\"
09:09:59  [main] 	Checking for prerequisites
09:10:00  [main] 	All prerequisites found
09:10:00  [main] 	Initializing Modules
09:10:00  [main] 	Starting Check-Timer
09:10:00  [main] 	Control Panel Ready
09:10:01  [mysql] 	Attempting to start MySQL app...
09:10:01  [mysql] 	Status change detected: running
09:10:01  [Apache] 	Attempting to start Apache app...
09:10:02  [Apache] 	Status change detected: running
12:03:54  [Apache] 	Attempting to stop Apache (PID: 6316)
12:03:54  [Apache] 	Attempting to stop Apache (PID: 6772)
12:03:54  [mysql] 	Attempting to stop MySQL app...
12:03:54  [Apache] 	Status change detected: stopped
12:03:55  [mysql] 	Status change detected: stopped
12:03:58  [main] 	Deinitializing Modules
12:03:58  [main] 	Deinitializing Control Panel

10:22:24  [main] 	Initializing Control Panel
10:22:24  [main] 	Windows Version: Windows 7 Professional SP1 64-bit
10:22:24  [main] 	XAMPP Version: 5.5.33
10:22:24  [main] 	Control Panel Version: 3.2.2  [ Compiled: Nov 12th 2015 ]
10:22:24  [main] 	You are not running with administrator rights! This will work for
10:22:24  [main] 	most application stuff but whenever you do something with services
10:22:24  [main] 	there will be a security dialogue or things will break! So think 
10:22:24  [main] 	about running this application with administrator rights!
10:22:24  [main] 	XAMPP Installation Directory: "c:\xampp\"
10:22:24  [main] 	Checking for prerequisites
10:22:24  [main] 	All prerequisites found
10:22:24  [main] 	Initializing Modules
10:22:24  [main] 	Starting Check-Timer
10:22:24  [main] 	Control Panel Ready
10:22:26  [Apache] 	Attempting to start Apache app...
10:22:26  [mysql] 	Attempting to start MySQL app...
10:22:26  [Apache] 	Status change detected: running
10:22:26  [mysql] 	Status change detected: running
15:07:19  [Apache] 	Attempting to stop Apache (PID: 5072)
15:07:19  [Apache] 	Attempting to stop Apache (PID: 6352)
15:07:19  [Apache] 	Status change detected: stopped
15:07:19  [filezilla] 	Attempting to start FileZilla app...
15:07:19  [mysql] 	Attempting to stop MySQL app...
15:07:19  [filezilla] 	Status change detected: running
15:07:20  [filezilla] 	Attempting to stop FileZilla app...
15:07:20  [filezilla] 	Status change detected: stopped
15:07:22  [mysql] 	Status change detected: stopped
15:07:24  [main] 	Deinitializing Modules
15:07:24  [main] 	Deinitializing Control Panel

11:37:51  [main] 	Initializing Control Panel
11:37:51  [main] 	Windows Version: Windows 7 Professional SP1 64-bit
11:37:51  [main] 	XAMPP Version: 5.5.33
11:37:51  [main] 	Control Panel Version: 3.2.2  [ Compiled: Nov 12th 2015 ]
11:37:51  [main] 	You are not running with administrator rights! This will work for
11:37:51  [main] 	most application stuff but whenever you do something with services
11:37:51  [main] 	there will be a security dialogue or things will break! So think 
11:37:51  [main] 	about running this application with administrator rights!
11:37:51  [main] 	XAMPP Installation Directory: "c:\xampp\"
11:37:51  [main] 	Checking for prerequisites
11:37:51  [main] 	All prerequisites found
11:37:51  [main] 	Initializing Modules
11:37:51  [main] 	Starting Check-Timer
11:37:51  [main] 	Control Panel Ready
11:37:53  [Apache] 	Attempting to start Apache app...
11:37:53  [Apache] 	Status change detected: running
11:37:54  [mysql] 	Attempting to start MySQL app...
11:37:54  [mysql] 	Status change detected: running
14:02:48  [Apache] 	Attempting to stop Apache (PID: 6604)
14:02:48  [Apache] 	Attempting to stop Apache (PID: 5160)
14:02:48  [Apache] 	Status change detected: stopped
14:02:48  [mysql] 	Attempting to stop MySQL app...
14:02:51  [mysql] 	Status change detected: stopped
14:03:12  [main] 	Deinitializing Modules
14:03:12  [main] 	Deinitializing Control Panel

10:09:14  [main] 	Initializing Control Panel
10:09:14  [main] 	Windows Version: Windows 7 Professional SP1 64-bit
10:09:14  [main] 	XAMPP Version: 5.5.33
10:09:14  [main] 	Control Panel Version: 3.2.2  [ Compiled: Nov 12th 2015 ]
10:09:14  [main] 	You are not running with administrator rights! This will work for
10:09:14  [main] 	most application stuff but whenever you do something with services
10:09:14  [main] 	there will be a security dialogue or things will break! So think 
10:09:14  [main] 	about running this application with administrator rights!
10:09:14  [main] 	XAMPP Installation Directory: "c:\xampp\"
10:09:14  [main] 	Checking for prerequisites
10:09:14  [main] 	All prerequisites found
10:09:14  [main] 	Initializing Modules
10:09:14  [main] 	Starting Check-Timer
10:09:14  [main] 	Control Panel Ready
10:09:15  [Apache] 	Attempting to start Apache app...
10:09:15  [Apache] 	Status change detected: running
10:09:15  [mysql] 	Attempting to start MySQL app...
10:09:15  [mysql] 	Status change detected: running
11:41:45  [Apache] 	Status change detected: stopped
11:41:45  [Apache] 	Error: Apache shutdown unexpectedly.
11:41:45  [Apache] 	This may be due to a blocked port, missing dependencies, 
11:41:45  [Apache] 	improper privileges, a crash, or a shutdown by another method.
11:41:45  [Apache] 	Press the Logs button to view error logs and check
11:41:45  [Apache] 	the Windows Event Viewer for more clues
11:41:45  [Apache] 	If you need more help, copy and post this
11:41:45  [Apache] 	entire log window on the forums
11:45:28  [Apache] 	Attempting to start Apache app...
11:45:28  [Apache] 	Status change detected: running
11:50:55  [Apache] 	Attempting to stop Apache (PID: 7596)
11:50:55  [Apache] 	Attempting to stop Apache (PID: 7632)
11:50:55  [Apache] 	Status change detected: stopped
11:50:56  [mysql] 	Attempting to stop MySQL app...
11:50:57  [mysql] 	Status change detected: stopped
12:36:06  [main] 	Deinitializing Modules
12:36:06  [main] 	Deinitializing Control Panel

12:36:16  [main] 	Initializing Control Panel
12:36:16  [main] 	Windows Version: Windows 7 Professional SP1 64-bit
12:36:16  [main] 	XAMPP Version: 5.5.33
12:36:16  [main] 	Control Panel Version: 3.2.2  [ Compiled: Nov 12th 2015 ]
12:36:16  [main] 	You are not running with administrator rights! This will work for
12:36:16  [main] 	most application stuff but whenever you do something with services
12:36:16  [main] 	there will be a security dialogue or things will break! So think 
12:36:16  [main] 	about running this application with administrator rights!
12:36:16  [main] 	XAMPP Installation Directory: "c:\xampp\"
12:36:16  [main] 	Checking for prerequisites
12:36:16  [main] 	All prerequisites found
12:36:16  [main] 	Initializing Modules
12:36:16  [main] 	Starting Check-Timer
12:36:16  [main] 	Control Panel Ready
12:36:17  [Apache] 	Attempting to start Apache app...
12:36:17  [Apache] 	Status change detected: running
12:36:17  [mysql] 	Attempting to start MySQL app...
12:36:18  [mysql] 	Status change detected: running
13:57:05  [Apache] 	Attempting to stop Apache (PID: 7212)
13:57:05  [Apache] 	Attempting to stop Apache (PID: 8484)
13:57:06  [Apache] 	Status change detected: stopped
13:57:06  [mysql] 	Attempting to stop MySQL app...
13:57:08  [mysql] 	Status change detected: stopped
13:57:27  [main] 	Deinitializing Modules
13:57:27  [main] 	Deinitializing Control Panel

12:22:23  [main] 	Initializing Control Panel
12:22:23  [main] 	Windows Version: Windows 7 Professional SP1 64-bit
12:22:23  [main] 	XAMPP Version: 5.5.33
12:22:23  [main] 	Control Panel Version: 3.2.2  [ Compiled: Nov 12th 2015 ]
12:22:23  [main] 	You are not running with administrator rights! This will work for
12:22:23  [main] 	most application stuff but whenever you do something with services
12:22:23  [main] 	there will be a security dialogue or things will break! So think 
12:22:23  [main] 	about running this application with administrator rights!
12:22:23  [main] 	XAMPP Installation Directory: "c:\xampp\"
12:22:23  [main] 	Checking for prerequisites
12:22:23  [main] 	All prerequisites found
12:22:23  [main] 	Initializing Modules
12:22:23  [main] 	Starting Check-Timer
12:22:23  [main] 	Control Panel Ready
12:22:25  [Apache] 	Attempting to start Apache app...
12:22:26  [Apache] 	Status change detected: running
12:22:26  [mysql] 	Attempting to start MySQL app...
12:22:26  [mysql] 	Status change detected: running
12:39:24  [Apache] 	Attempting to stop Apache (PID: 8212)
12:39:24  [Apache] 	Attempting to stop Apache (PID: 10860)
12:39:25  [Apache] 	Status change detected: stopped
12:39:25  [mysql] 	Attempting to stop MySQL app...
12:39:27  [mysql] 	Status change detected: stopped
12:39:34  [main] 	Deinitializing Modules
12:39:34  [main] 	Deinitializing Control Panel

09:17:56  [main] 	Initializing Control Panel
09:17:56  [main] 	Windows Version: Windows 7 Professional SP1 64-bit
09:17:56  [main] 	XAMPP Version: 5.5.33
09:17:56  [main] 	Control Panel Version: 3.2.2  [ Compiled: Nov 12th 2015 ]
09:17:56  [main] 	You are not running with administrator rights! This will work for
09:17:56  [main] 	most application stuff but whenever you do something with services
09:17:56  [main] 	there will be a security dialogue or things will break! So think 
09:17:56  [main] 	about running this application with administrator rights!
09:17:56  [main] 	XAMPP Installation Directory: "c:\xampp\"
09:17:56  [main] 	Checking for prerequisites
09:17:57  [main] 	All prerequisites found
09:17:57  [main] 	Initializing Modules
09:17:57  [main] 	Starting Check-Timer
09:17:57  [main] 	Control Panel Ready
09:17:58  [Apache] 	Attempting to start Apache app...
09:17:58  [mysql] 	Attempting to start MySQL app...
09:17:58  [Apache] 	Status change detected: running
09:17:59  [mysql] 	Status change detected: running
12:12:58  [Apache] 	Attempting to stop Apache (PID: 7040)
12:12:58  [Apache] 	Attempting to stop Apache (PID: 6892)
12:12:59  [mysql] 	Attempting to stop MySQL app...
12:12:59  [Apache] 	Status change detected: stopped
12:13:00  [mysql] 	Status change detected: stopped
12:22:26  [Apache] 	Status change detected: running
12:22:26  [mysql] 	Status change detected: running
12:39:25  [Apache] 	Status change detected: stopped
12:39:27  [mysql] 	Status change detected: stopped
12:40:03  [main] 	Deinitializing Modules
12:40:03  [main] 	Deinitializing Control Panel

